[2024-02-19 05:07:34] [1] [WARN] Reporting disabled: using no op test run registrar
[2024-02-19 05:07:34] [1] [INFO] TEST [carina-archetype - testStandardUserWithoutAutoFilling] STARTED at [19:07:34 2024-02-19]
[2024-02-19 05:07:34] [1] [INFO] Starting driver session...
[2024-02-19 05:07:35] [1] [ERROR] Failed to attach artifact reference 'app' to test run because it has not been started yet.
[2024-02-19 05:07:41] [1] [INFO] Driver session started.
[2024-02-19 05:07:42] [1] [INFO] PASS: keys 'standard_user' are sent to element 'userNameField'.
[2024-02-19 05:07:43] [1] [INFO] PASS: keys 'secret_sauce' are sent to element 'passwordField'.
[2024-02-19 05:07:44] [1] [INFO] PASS: element 'loginBtn' is clicked.
[2024-02-19 05:07:45] [1] [ERROR] TEST [carina-archetype - testStandardUserWithoutAutoFilling] FAILED at [19:07:45 2024-02-19] - {"value":{"error":"unknown method","message":"Method has not yet been implemented","stacktrace":"NotYetImplementedError: Method has not yet been implemented\n    at AndroidUiautomator2Driver.executeCommand (/Users/anatoliiyakubyshyn/node_modules/@appium/base-driver/lib/basedriver/driver.ts:101:13)\n    at processTicksAndRejections (node:internal/process/task_queues:95:5)\n    at defaultBehavior (/opt/homebrew/Cellar/appium/2.3.0/libexec/lib/node_modules/appium/lib/appium.js:723:14)\n    at AppiumDriver.executeWrappedCommand (/opt/homebrew/Cellar/appium/2.3.0/libexec/lib/node_modules/appium/lib/appium.js:829:16)\n    at AppiumDriver.executeCommand (/opt/homebrew/Cellar/appium/2.3.0/libexec/lib/node_modules/appium/lib/appium.js:735:17)\n    at asyncHandler (/opt/homebrew/Cellar/appium/2.3.0/libexec/lib/node_modules/appium/node_modules/@appium/base-driver/lib/protocol/protocol.js:393:19)"}}
Command duration or timeout: 7 milliseconds
Build info: version: '4.7.0', revision: '0a5b49d16f'
System info: os.name: 'Mac OS X', os.arch: 'x86_64', os.version: '11.1', java.version: '11.0.11'
Driver info: io.appium.java_client.android.AndroidDriver
Command: [0f705b22-60b4-4e69-bde6-66893eed4b65, getCurrentUrl {}]
Capabilities {appium:app: https://github.com/saucelab..., appium:appPackage: com.swaglabsmobileapp, appium:appWaitActivity: com.swaglabsmobileapp.MainA..., appium:automationName: uiautomator2, appium:databaseEnabled: false, appium:desired: {app: https://github.com/saucelab..., appWaitActivity: com.swaglabsmobileapp.MainA..., automationName: uiautomator2, deviceName: PIXEL_XL, deviceType: phone, language: en, locale: US, platformName: android, udid: emulator-5556}, appium:deviceApiLevel: 31, appium:deviceManufacturer: Google, appium:deviceModel: sdk_gphone64_arm64, appium:deviceName: emulator-5556, appium:deviceScreenDensity: 560, appium:deviceScreenSize: 1440x2560, appium:deviceType: phone, appium:deviceUDID: emulator-5556, appium:javascriptEnabled: true, appium:language: en, appium:locale: US, appium:locationContextEnabled: false, appium:networkConnectionEnabled: true, appium:pixelRatio: 3.5, appium:platformVersion: 12, appium:statBarHeight: 84, appium:takesScreenshot: true, appium:udid: emulator-5556, appium:viewportRect: {height: 2308, left: 0, top: 84, width: 1440}, appium:warnings: {}, appium:webStorageEnabled: false, platformName: ANDROID}
Session ID: 0f705b22-60b4-4e69-bde6-66893eed4b65

java.base/jdk.internal.reflect.NativeConstructorAccessorImpl.newInstance0(Native Method)
java.base/jdk.internal.reflect.NativeConstructorAccessorImpl.newInstance(NativeConstructorAccessorImpl.java:62)
java.base/jdk.internal.reflect.DelegatingConstructorAccessorImpl.newInstance(DelegatingConstructorAccessorImpl.java:45)
java.base/java.lang.reflect.Constructor.newInstance(Constructor.java:490)
org.openqa.selenium.remote.ErrorHandler.createThrowable(ErrorHandler.java:217)
org.openqa.selenium.remote.ErrorHandler.throwIfResponseFailed(ErrorHandler.java:169)
org.openqa.selenium.remote.RemoteWebDriver.execute(RemoteWebDriver.java:576)
org.openqa.selenium.remote.RemoteWebDriver.execute(RemoteWebDriver.java:596)
io.appium.java_client.AppiumDriver.execute(AppiumDriver.java:272)
org.openqa.selenium.remote.RemoteWebDriver.getCurrentUrl$original$mWYUGhC4(RemoteWebDriver.java:322)
org.openqa.selenium.remote.RemoteWebDriver.getCurrentUrl$original$mWYUGhC4$accessor$MxDs8gM7(RemoteWebDriver.java)
org.openqa.selenium.remote.RemoteWebDriver$auxiliary$9N25aedP.call(Unknown Source)
com.zebrunner.agent.core.webdriver.PublicMethodInvocationInterceptor.onPublicMethodInvocation(PublicMethodInvocationInterceptor.java:18)
org.openqa.selenium.remote.RemoteWebDriver.getCurrentUrl(RemoteWebDriver.java)
java.base/jdk.internal.reflect.NativeMethodAccessorImpl.invoke0(Native Method)
java.base/jdk.internal.reflect.NativeMethodAccessorImpl.invoke(NativeMethodAccessorImpl.java:62)
java.base/jdk.internal.reflect.DelegatingMethodAccessorImpl.invoke(DelegatingMethodAccessorImpl.java:43)
java.base/java.lang.reflect.Method.invoke(Method.java:566)
org.openqa.selenium.support.decorators.WebDriverDecorator.call(WebDriverDecorator.java:247)
org.openqa.selenium.support.decorators.DefaultDecorated.call(DefaultDecorated.java:48)
org.openqa.selenium.support.decorators.WebDriverDecorator.lambda$createProxy$0(WebDriverDecorator.java:309)
net.bytebuddy.renamed.java.lang.Object$ByteBuddy$JnhANaV3.getCurrentUrl(Unknown Source)
com.zebrunner.carina.webdriver.DriverHelper.isPageOpened(DriverHelper.java:1103)
com.zebrunner.carina.webdriver.gui.AbstractPage.isPageOpened(AbstractPage.java:83)
com.zebrunner.carina.webdriver.gui.AbstractPage.isPageOpened(AbstractPage.java:70)
com.solvd.carina.swaglabs.LoginTest.testStandardUserWithoutAutoFilling(LoginTest.java:19)
java.base/jdk.internal.reflect.NativeMethodAccessorImpl.invoke0(Native Method)
java.base/jdk.internal.reflect.NativeMethodAccessorImpl.invoke(NativeMethodAccessorImpl.java:62)
java.base/jdk.internal.reflect.DelegatingMethodAccessorImpl.invoke(DelegatingMethodAccessorImpl.java:43)
java.base/java.lang.reflect.Method.invoke(Method.java:566)
org.testng.internal.invokers.MethodInvocationHelper.invokeMethod(MethodInvocationHelper.java:139)
org.testng.internal.invokers.TestInvoker.invokeMethod(TestInvoker.java:677)
org.testng.internal.invokers.TestInvoker.invokeTestMethod(TestInvoker.java:221)
org.testng.internal.invokers.MethodRunner.runInSequence(MethodRunner.java:50)
org.testng.internal.invokers.TestInvoker$MethodInvocationAgent.invoke(TestInvoker.java:969)
org.testng.internal.invokers.TestInvoker.invokeTestMethods(TestInvoker.java:194)
org.testng.internal.invokers.TestMethodWorker.invokeTestMethods(TestMethodWorker.java:148)
org.testng.internal.invokers.TestMethodWorker.run(TestMethodWorker.java:128)
java.base/java.util.ArrayList.forEach(ArrayList.java:1541)
org.testng.TestRunner.privateRun(TestRunner.java:829)
org.testng.TestRunner.run(TestRunner.java:602)
org.testng.SuiteRunner.runTest(SuiteRunner.java:437)
org.testng.SuiteRunner.runSequentially(SuiteRunner.java:431)
org.testng.SuiteRunner.privateRun(SuiteRunner.java:391)
org.testng.SuiteRunner.run(SuiteRunner.java:330)
org.testng.SuiteRunnerWorker.runSuite(SuiteRunnerWorker.java:52)
org.testng.SuiteRunnerWorker.run(SuiteRunnerWorker.java:95)
org.testng.TestNG.runSuitesSequentially(TestNG.java:1256)
org.testng.TestNG.runSuitesLocally(TestNG.java:1176)
org.testng.TestNG.runSuites(TestNG.java:1099)
org.testng.TestNG.run(TestNG.java:1067)
com.intellij.rt.testng.IDEARemoteTestNG.run(IDEARemoteTestNG.java:66)
com.intellij.rt.testng.RemoteTestNGStarter.main(RemoteTestNGStarter.java:109)
